Case #1: one
Case #2: double two
Case #3: triple three
Case #4: quadruple four
Case #5: quintuple five
Case #6: sextuple six
Case #7: septuple seven
Case #8: octuple eight
Case #9: nonuple nine
Case #10: decuple zero
Case #11: one one one one one one one one one one
Case #12: one double one triple one quadruple one
Case #13: zero one five three nine two nine seven five eight
Case #14: two five zero two five one four five two six
Case #15: five two zero five nine zero seven four three nine
Case #16: eight four seven three one zero five eight four one
Case #17: one four seven one six five seven nine six nine
Case #18: one three four seven four one five four five eight
Case #19: nine two seven one zero nine eight two eight one
Case #20: nine four three five eight nine seven one eight five
Case #21: two four two four eight zero four nine four seven
Case #22: four zero two three four nine two five six four
Case #23: eight one two four triple eight four five
Case #24: seven
Case #25: eight four
Case #26: eight double four eight five eight two
Case #27: three two three five seven three two
Case #28: zero double nine four double six nine eight
Case #29: one two seven three seven double three one
Case #30: one eight one double four three five eight
Case #31: zero nine five one double four four
Case #32: six three nine zero nine four eight seven four
Case #33: one four
Case #34: double five zero seven six five one
Case #35: eight two eight nine
Case #36: double eight zero two nine three one three
Case #37: five three seven nine
Case #38: six four six five eight six
Case #39: four five double two five double nine
Case #40: six four six one nine two nine one
Case #41: double four three zero double two three nine seven six
Case #42: zero seven three two zero four one eight nine four
Case #43: seven two one three double nine zero
Case #44: four five seven double nine four zero
Case #45: one nine four nine
Case #46: three eight
Case #47: zero six four one eight double zero seven nine two
Case #48: seven zero five four
Case #49: nine double seven nine three nine
Case #50: six four seven six two one nine three six nine
Case #51: two zero nine zero two
Case #52: five seven nine eight nine seven zero eight four
Case #53: seven nine eight double eight two seven four
Case #54: one five
Case #55: six four eight nine five
Case #56: seven zero two
Case #57: two double three seven two one double six nine zero
Case #58: four
Case #59: eight four one three nine eight seven
Case #60: five zero four zero seven one
Case #61: four one eight four
Case #62: four five nine zero six eight one seven two
Case #63: one seven one
Case #64: seven four one nine two seven nine three
Case #65: five one five two eight seven two
Case #66: double three four zero
Case #67: two five eight
Case #68: nine eight two nine double six four eight
Case #69: seven six five double six double seven three three
Case #70: six seven eight seven
Case #71: four one nine double seven two five six three four
Case #72: double four five one three nine
Case #73: seven two nine three six three zero
Case #74: seven six one seven eight double three nine seven
Case #75: three eight one four eight double six
Case #76: zero six
Case #77: six double three five zero eight nine double two
Case #78: nine one zero two one nine five zero
Case #79: one nine double six seven eight four six one nine
Case #80: nine four three seven two
Case #81: eight seven one two
Case #82: six four two one two one two four
Case #83: eight one two five two two six nine six five
Case #84: two six six three nine zero eight nine five seven
Case #85: one one four six nine eight eight
Case #86: one seven two three zero
Case #87: nine five nine triple one six four zero three
Case #88: two zero five seven
Case #89: eight zero five three four
Case #90: seven one nine
Case #91: one four one five two one nine three four
Case #92: zero seven four nine two double six three six seven
Case #93: three two six four six seven two
Case #94: four zero five four nine six seven four
Case #95: four two three five two three four five nine
Case #96: one five six five
Case #97: eight seven three double one six eight seven two
Case #98: two four one double five seven five two two
Case #99: five four six
Case #100: five seven four five
